<?xml version="1.0" encoding="UTF-8"?><testrun name="ProcedureTest" project="HomeOneHana" tests="1" started="1" failures="0" errors="1" ignored="0">
  <testsuite name="hana.test.ProcedureTest" time="0.389">
    <testcase name="procedureTest1" classname="hana.test.ProcedureTest" time="0.389">
      <error>org.springframework.jdbc.BadSqlGrammarException: &#13;
### Error updating database.  Cause: java.sql.SQLException: ORA-06550: 줄 1, 열40:PLS-00363: '0' 식은 피할당자로 사용될 수 없습니다
ORA-06550: 줄 1, 열7:PL/SQL: Statement ignored
&#13;
### The error may exist in file [D:\윤소영\final-project\HomeOneHana\target\classes\config\sqlmap\oracle\sqlmap-Loan.xml]&#13;
### The error may involve loan.dao.LoanDAO.contractLogProcedure-Inline&#13;
### The error occurred while setting parameters&#13;
### SQL: {    call LOANCONTRACT_LOG(?,?,?,?,0)   }&#13;
### Cause: java.sql.SQLException: ORA-06550: 줄 1, 열40:PLS-00363: '0' 식은 피할당자로 사용될 수 없습니다
ORA-06550: 줄 1, 열7:PL/SQL: Statement ignored

; bad SQL grammar []; nested exception is java.sql.SQLException: ORA-06550: 줄 1, 열40:PLS-00363: '0' 식은 피할당자로 사용될 수 없습니다
ORA-06550: 줄 1, 열7:PL/SQL: Statement ignored
&#13;
	at org.springframework.jdbc.support.SQLErrorCodeSQLExceptionTranslator.doTranslate(SQLErrorCodeSQLExceptionTranslator.java:239)&#13;
	at org.springframework.jdbc.support.AbstractFallbackSQLExceptionTranslator.translate(AbstractFallbackSQLExceptionTranslator.java:70)&#13;
	at org.mybatis.spring.MyBatisExceptionTranslator.translateExceptionIfPossible(MyBatisExceptionTranslator.java:91)&#13;
	at org.mybatis.spring.SqlSessionTemplate$SqlSessionInterceptor.invoke(SqlSessionTemplate.java:441)&#13;
	at com.sun.proxy.$Proxy25.insert(Unknown Source)&#13;
	at org.mybatis.spring.SqlSessionTemplate.insert(SqlSessionTemplate.java:272)&#13;
	at hana.test.ProcedureTest.procedureTest1(ProcedureTest.java:26)&#13;
	at java.base/jdk.internal.reflect.NativeMethodAccessorImpl.invoke0(Native Method)&#13;
	at java.base/jdk.internal.reflect.NativeMethodAccessorImpl.invoke(NativeMethodAccessorImpl.java:64)&#13;
	at java.base/jdk.internal.reflect.DelegatingMethodAccessorImpl.invoke(DelegatingMethodAccessorImpl.java:43)&#13;
	at java.base/java.lang.reflect.Method.invoke(Method.java:564)&#13;
	at org.junit.runners.model.FrameworkMethod$1.runReflectiveCall(FrameworkMethod.java:59)&#13;
	at org.junit.internal.runners.model.ReflectiveCallable.run(ReflectiveCallable.java:12)&#13;
	at org.junit.runners.model.FrameworkMethod.invokeExplosively(FrameworkMethod.java:56)&#13;
	at org.junit.internal.runners.statements.InvokeMethod.evaluate(InvokeMethod.java:17)&#13;
	at org.springframework.test.context.junit4.statements.RunBeforeTestExecutionCallbacks.evaluate(RunBeforeTestExecutionCallbacks.java:74)&#13;
	at org.springframework.test.context.junit4.statements.RunAfterTestExecutionCallbacks.evaluate(RunAfterTestExecutionCallbacks.java:84)&#13;
	at org.springframework.test.context.junit4.statements.RunBeforeTestMethodCallbacks.evaluate(RunBeforeTestMethodCallbacks.java:75)&#13;
	at org.springframework.test.context.junit4.statements.RunAfterTestMethodCallbacks.evaluate(RunAfterTestMethodCallbacks.java:86)&#13;
	at org.springframework.test.context.junit4.statements.SpringRepeat.evaluate(SpringRepeat.java:84)&#13;
	at org.junit.runners.ParentRunner.runLeaf(ParentRunner.java:366)&#13;
	at org.springframework.test.context.junit4.SpringJUnit4ClassRunner.runChild(SpringJUnit4ClassRunner.java:251)&#13;
	at org.springframework.test.context.junit4.SpringJUnit4ClassRunner.runChild(SpringJUnit4ClassRunner.java:97)&#13;
	at org.junit.runners.ParentRunner$4.run(ParentRunner.java:331)&#13;
	at org.junit.runners.ParentRunner$1.schedule(ParentRunner.java:79)&#13;
	at org.junit.runners.ParentRunner.runChildren(ParentRunner.java:329)&#13;
	at org.junit.runners.ParentRunner.access$100(ParentRunner.java:66)&#13;
	at org.junit.runners.ParentRunner$2.evaluate(ParentRunner.java:293)&#13;
	at org.springframework.test.context.junit4.statements.RunBeforeTestClassCallbacks.evaluate(RunBeforeTestClassCallbacks.java:61)&#13;
	at org.springframework.test.context.junit4.statements.RunAfterTestClassCallbacks.evaluate(RunAfterTestClassCallbacks.java:70)&#13;
	at org.junit.runners.ParentRunner$3.evaluate(ParentRunner.java:306)&#13;
	at org.junit.runners.ParentRunner.run(ParentRunner.java:413)&#13;
	at org.springframework.test.context.junit4.SpringJUnit4ClassRunner.run(SpringJUnit4ClassRunner.java:190)&#13;
	at org.eclipse.jdt.internal.junit4.runner.JUnit4TestReference.run(JUnit4TestReference.java:93)&#13;
	at org.eclipse.jdt.internal.junit.runner.TestExecution.run(TestExecution.java:40)&#13;
	at org.eclipse.jdt.internal.junit.runner.RemoteTestRunner.runTests(RemoteTestRunner.java:529)&#13;
	at org.eclipse.jdt.internal.junit.runner.RemoteTestRunner.runTests(RemoteTestRunner.java:756)&#13;
	at org.eclipse.jdt.internal.junit.runner.RemoteTestRunner.run(RemoteTestRunner.java:452)&#13;
	at org.eclipse.jdt.internal.junit.runner.RemoteTestRunner.main(RemoteTestRunner.java:210)&#13;
Caused by: java.sql.SQLException: ORA-06550: 줄 1, 열40:PLS-00363: '0' 식은 피할당자로 사용될 수 없습니다
ORA-06550: 줄 1, 열7:PL/SQL: Statement ignored
&#13;
	at oracle.jdbc.driver.T4CTTIoer11.processError(T4CTTIoer11.java:494)&#13;
	at oracle.jdbc.driver.T4CTTIoer11.processError(T4CTTIoer11.java:446)&#13;
	at oracle.jdbc.driver.T4C8Oall.processError(T4C8Oall.java:1054)&#13;
	at oracle.jdbc.driver.T4CTTIfun.receive(T4CTTIfun.java:623)&#13;
	at oracle.jdbc.driver.T4CTTIfun.doRPC(T4CTTIfun.java:252)&#13;
	at oracle.jdbc.driver.T4C8Oall.doOALL(T4C8Oall.java:612)&#13;
	at oracle.jdbc.driver.T4CCallableStatement.doOall8(T4CCallableStatement.java:223)&#13;
	at oracle.jdbc.driver.T4CCallableStatement.doOall8(T4CCallableStatement.java:56)&#13;
	at oracle.jdbc.driver.T4CCallableStatement.executeForRows(T4CCallableStatement.java:907)&#13;
	at oracle.jdbc.driver.OracleStatement.doExecuteWithTimeout(OracleStatement.java:1119)&#13;
	at oracle.jdbc.driver.OraclePreparedStatement.executeInternal(OraclePreparedStatement.java:3780)&#13;
	at oracle.jdbc.driver.T4CCallableStatement.executeInternal(T4CCallableStatement.java:1300)&#13;
	at oracle.jdbc.driver.OraclePreparedStatement.execute(OraclePreparedStatement.java:3887)&#13;
	at oracle.jdbc.driver.OracleCallableStatement.execute(OracleCallableStatement.java:4230)&#13;
	at oracle.jdbc.driver.OraclePreparedStatementWrapper.execute(OraclePreparedStatementWrapper.java:1079)&#13;
	at org.apache.commons.dbcp.DelegatingPreparedStatement.execute(DelegatingPreparedStatement.java:172)&#13;
	at org.apache.commons.dbcp.DelegatingPreparedStatement.execute(DelegatingPreparedStatement.java:172)&#13;
	at org.apache.ibatis.executor.statement.CallableStatementHandler.update(CallableStatementHandler.java:50)&#13;
	at org.apache.ibatis.executor.statement.RoutingStatementHandler.update(RoutingStatementHandler.java:74)&#13;
	at org.apache.ibatis.executor.SimpleExecutor.doUpdate(SimpleExecutor.java:50)&#13;
	at org.apache.ibatis.executor.BaseExecutor.update(BaseExecutor.java:117)&#13;
	at org.apache.ibatis.executor.CachingExecutor.update(CachingExecutor.java:76)&#13;
	at org.apache.ibatis.session.defaults.DefaultSqlSession.update(DefaultSqlSession.java:194)&#13;
	at org.apache.ibatis.session.defaults.DefaultSqlSession.insert(DefaultSqlSession.java:181)&#13;
	at java.base/jdk.internal.reflect.NativeMethodAccessorImpl.invoke0(Native Method)&#13;
	at java.base/jdk.internal.reflect.NativeMethodAccessorImpl.invoke(NativeMethodAccessorImpl.java:64)&#13;
	at java.base/jdk.internal.reflect.DelegatingMethodAccessorImpl.invoke(DelegatingMethodAccessorImpl.java:43)&#13;
	at java.base/java.lang.reflect.Method.invoke(Method.java:564)&#13;
	at org.mybatis.spring.SqlSessionTemplate$SqlSessionInterceptor.invoke(SqlSessionTemplate.java:427)&#13;
	... 35 more&#13;
Caused by: Error : 6550, Position : 39, Sql = BEGIN LOANCONTRACT_LOG(:1 ,:2 ,:3 ,:4 ,0)
		; END;, OriginalSql = {
			call LOANCONTRACT_LOG(?,?,?,?,0)
		}, Error Msg = ORA-06550: 줄 1, 열40:PLS-00363: '0' 식은 피할당자로 사용될 수 없습니다
ORA-06550: 줄 1, 열7:PL/SQL: Statement ignored
&#13;
	at oracle.jdbc.driver.T4CTTIoer11.processError(T4CTTIoer11.java:498)&#13;
	... 63 more&#13;
&#13;
</error>
    </testcase>
  </testsuite>
</testrun>
